<?xml version="1.0" encoding="UTF-8"?>
<testng-results skipped="0" failed="0" ignored="0" total="1" passed="1">
  <reporter-output>
  </reporter-output>
  <suite name="Default suite" duration-ms="3415" started-at="2022-01-14T20:13:13Z" finished-at="2022-01-14T20:13:17Z">
    <groups>
    </groups>
    <test name="Default test" duration-ms="3415" started-at="2022-01-14T20:13:13Z" finished-at="2022-01-14T20:13:17Z">
      <class name="testcases.TC_001">
        <test-method status="PASS" signature="testcase1()[pri:0, instance:testcases.TC_001@6767c1fc]" name="testcase1" duration-ms="3392" started-at="2022-01-14T20:13:13Z" finished-at="2022-01-14T20:13:17Z">
          <reporter-output>
          </reporter-output>
        </test-method> <!-- testcase1 -->
      </class> <!-- testcases.TC_001 -->
    </test> <!-- Default test -->
  </suite> <!-- Default suite -->
</testng-results>
